# JRE version: OpenJDK Runtime Environment GraalVM CE 22.3.0 (17.0.5+8) (build 17.0.5+8-jvmci-22.3-b08)
# Java VM: OpenJDK 64-Bit Server VM GraalVM CE 22.3.0 (17.0.5+8-jvmci-22.3-b08, mixed mode, sharing, tiered, jvmci, jvmci compiler, compressed oops, compressed class ptrs, parallel gc, linux-amd64)
GC Precious Log:
 CPUs: 8 total, 1 available
 Memory: 1024M
 Large Page Support: Disabled
 NUMA Support: Disabled
 Compressed Oops: Enabled (32-bit)
 Alignments: Space 512K, Generation 512K, Heap 2M
 Heap Min Capacity: 100M
 Heap Initial Capacity: 100M
 Heap Max Capacity: 512M
 Pre-touch: Disabled
 Parallel Workers: 1
Heap:
 PSYoungGen      total 72704K, used 55296K [0x00000000f5580000, 0x00000000fb480000, 0x0000000100000000)
  eden space 55296K, 100% used [0x00000000f5580000,0x00000000f8b80000,0x00000000f8b80000)
  from space 17408K, 0% used [0x00000000f9f00000,0x00000000f9f00000,0x00000000fb000000)
  to   space 19968K, 0% used [0x00000000f8b80000,0x00000000f8b80000,0x00000000f9f00000)
 ParOldGen       total 349696K, used 349695K [0x00000000e0000000, 0x00000000f5580000, 0x00000000f5580000)
  object space 349696K, 99% used [0x00000000e0000000,0x00000000f557ffe0,0x00000000f5580000)
 Metaspace       used 62660K, committed 63552K, reserved 1105920K
  class space    used 6148K, committed 6528K, reserved 1048576K
GC Heap History (20 events):
Event: 1380.118 GC heap before
{Heap before GC invocations=949 (full 849):
 PSYoungGen      total 72704K, used 55295K [0x00000000f5580000, 0x00000000fb480000, 0x0000000100000000)
  eden space 55296K, 99% used [0x00000000f5580000,0x00000000f8b7fff8,0x00000000f8b80000)
  from space 17408K, 0% used [0x00000000f9f00000,0x00000000f9f00000,0x00000000fb000000)
  to   space 19968K, 0% used [0x00000000f8b80000,0x00000000f8b80000,0x00000000f9f00000)
 ParOldGen       total 349696K, used 349694K [0x00000000e0000000, 0x00000000f5580000, 0x00000000f5580000)
  object space 349696K, 99% used [0x00000000e0000000,0x00000000f557f898,0x00000000f5580000)
 Metaspace       used 62660K, committed 63552K, reserved 1105920K
  class space    used 6148K, committed 6528K, reserved 1048576K
}
Event: 1381.617 GC heap after
{Heap after GC invocations=949 (full 849):
 PSYoungGen      total 75264K, used 55295K [0x00000000f5580000, 0x00000000fb480000, 0x0000000100000000)
  eden space 55296K, 99% used [0x00000000f5580000,0x00000000f8b7ffb8,0x00000000f8b80000)
  from space 19968K, 0% used [0x00000000f8b80000,0x00000000f8b80000,0x00000000f9f00000)
  to   space 17408K, 0% used [0x00000000f9f00000,0x00000000f9f00000,0x00000000fb000000)
 ParOldGen       total 349696K, used 349694K [0x00000000e0000000, 0x00000000f5580000, 0x00000000f5580000)
  object space 349696K, 99% used [0x00000000e0000000,0x00000000f557f898,0x00000000f5580000)
 Metaspace       used 62660K, committed 63552K, reserved 1105920K
  class space    used 6148K, committed 6528K, reserved 1048576K
}
Event: 1381.618 GC heap before
{Heap before GC invocations=950 (full 850):
 PSYoungGen      total 75264K, used 55296K [0x00000000f5580000, 0x00000000fb480000, 0x0000000100000000)
  eden space 55296K, 100% used [0x00000000f5580000,0x00000000f8b80000,0x00000000f8b80000)
  from space 19968K, 0% used [0x00000000f8b80000,0x00000000f8b80000,0x00000000f9f00000)
  to   space 17408K, 0% used [0x00000000f9f00000,0x00000000f9f00000,0x00000000fb000000)
 ParOldGen       total 349696K, used 349694K [0x00000000e0000000, 0x00000000f5580000, 0x00000000f5580000)
  object space 349696K, 99% used [0x00000000e0000000,0x00000000f557f898,0x00000000f5580000)
 Metaspace       used 62660K, committed 63552K, reserved 1105920K
  class space    used 6148K, committed 6528K, reserved 1048576K
}
Event: 1383.017 GC heap after
{Heap after GC invocations=950 (full 850):
 PSYoungGen      total 72704K, used 55295K [0x00000000f5580000, 0x00000000fb480000, 0x0000000100000000)
  eden space 55296K, 99% used [0x00000000f5580000,0x00000000f8b7ffe0,0x00000000f8b80000)
  from space 17408K, 0% used [0x00000000f9f00000,0x00000000f9f00000,0x00000000fb000000)
  to   space 19968K, 0% used [0x00000000f8b80000,0x00000000f8b80000,0x00000000f9f00000)
 ParOldGen       total 349696K, used 349694K [0x00000000e0000000, 0x00000000f5580000, 0x00000000f5580000)
  object space 349696K, 99% used [0x00000000e0000000,0x00000000f557f898,0x00000000f5580000)
 Metaspace       used 62660K, committed 63552K, reserved 1105920K
  class space    used 6148K, committed 6528K, reserved 1048576K
}
Event: 1383.018 GC heap before
{Heap before GC invocations=951 (full 851):
 PSYoungGen      total 72704K, used 55296K [0x00000000f5580000, 0x00000000fb480000, 0x0000000100000000)
  eden space 55296K, 100% used [0x00000000f5580000,0x00000000f8b80000,0x00000000f8b80000)
  from space 17408K, 0% used [0x00000000f9f00000,0x00000000f9f00000,0x00000000fb000000)
  to   space 19968K, 0% used [0x00000000f8b80000,0x00000000f8b80000,0x00000000f9f00000)
 ParOldGen       total 349696K, used 349694K [0x00000000e0000000, 0x00000000f5580000, 0x00000000f5580000)
  object space 349696K, 99% used [0x00000000e0000000,0x00000000f557f898,0x00000000f5580000)
 Metaspace       used 62660K, committed 63552K, reserved 1105920K
  class space    used 6148K, committed 6528K, reserved 1048576K
}
Event: 1384.435 GC heap after
{Heap after GC invocations=951 (full 851):
 PSYoungGen      total 75264K, used 55296K [0x00000000f5580000, 0x00000000fb480000, 0x0000000100000000)
  eden space 55296K, 100% used [0x00000000f5580000,0x00000000f8b80000,0x00000000f8b80000)
  from space 19968K, 0% used [0x00000000f8b80000,0x00000000f8b80000,0x00000000f9f00000)
  to   space 17408K, 0% used [0x00000000f9f00000,0x00000000f9f00000,0x00000000fb000000)
 ParOldGen       total 349696K, used 349694K [0x00000000e0000000, 0x00000000f5580000, 0x00000000f5580000)
  object space 349696K, 99% used [0x00000000e0000000,0x00000000f557f898,0x00000000f5580000)
 Metaspace       used 62660K, committed 63552K, reserved 1105920K
  class space    used 6148K, committed 6528K, reserved 1048576K
}
Event: 1384.484 GC heap before
{Heap before GC invocations=952 (full 852):
 PSYoungGen      total 75264K, used 55296K [0x00000000f5580000, 0x00000000fb480000, 0x0000000100000000)
  eden space 55296K, 100% used [0x00000000f5580000,0x00000000f8b80000,0x00000000f8b80000)
  from space 19968K, 0% used [0x00000000f8b80000,0x00000000f8b80000,0x00000000f9f00000)
  to   space 17408K, 0% used [0x00000000f9f00000,0x00000000f9f00000,0x00000000fb000000)
 ParOldGen       total 349696K, used 349695K [0x00000000e0000000, 0x00000000f5580000, 0x00000000f5580000)
  object space 349696K, 99% used [0x00000000e0000000,0x00000000f557fff8,0x00000000f5580000)
 Metaspace       used 62660K, committed 63552K, reserved 1105920K
  class space    used 6148K, committed 6528K, reserved 1048576K
}
Event: 1385.900 GC heap after
{Heap after GC invocations=952 (full 852):
 PSYoungGen      total 72704K, used 55295K [0x00000000f5580000, 0x00000000fb480000, 0x0000000100000000)
  eden space 55296K, 99% used [0x00000000f5580000,0x00000000f8b7fe60,0x00000000f8b80000)
  from space 17408K, 0% used [0x00000000f9f00000,0x00000000f9f00000,0x00000000fb000000)
  to   space 19968K, 0% used [0x00000000f8b80000,0x00000000f8b80000,0x00000000f9f00000)
 ParOldGen       total 349696K, used 349694K [0x00000000e0000000, 0x00000000f5580000, 0x00000000f5580000)
  object space 349696K, 99% used [0x00000000e0000000,0x00000000f557f9f0,0x00000000f5580000)
 Metaspace       used 62660K, committed 63552K, reserved 1105920K
  class space    used 6148K, committed 6528K, reserved 1048576K
}
Event: 1385.901 GC heap before
{Heap before GC invocations=953 (full 853):
 PSYoungGen      total 72704K, used 55296K [0x00000000f5580000, 0x00000000fb480000, 0x0000000100000000)
  eden space 55296K, 100% used [0x00000000f5580000,0x00000000f8b80000,0x00000000f8b80000)
  from space 17408K, 0% used [0x00000000f9f00000,0x00000000f9f00000,0x00000000fb000000)
  to   space 19968K, 0% used [0x00000000f8b80000,0x00000000f8b80000,0x00000000f9f00000)
 ParOldGen       total 349696K, used 349694K [0x00000000e0000000, 0x00000000f5580000, 0x00000000f5580000)
  object space 349696K, 99% used [0x00000000e0000000,0x00000000f557f9f0,0x00000000f5580000)
 Metaspace       used 62660K, committed 63552K, reserved 1105920K
  class space    used 6148K, committed 6528K, reserved 1048576K
}
Event: 1387.329 GC heap after
{Heap after GC invocations=953 (full 853):
 PSYoungGen      total 75264K, used 55295K [0x00000000f5580000, 0x00000000fb480000, 0x0000000100000000)
  eden space 55296K, 99% used [0x00000000f5580000,0x00000000f8b7ff08,0x00000000f8b80000)
  from space 19968K, 0% used [0x00000000f8b80000,0x00000000f8b80000,0x00000000f9f00000)
  to   space 17408K, 0% used [0x00000000f9f00000,0x00000000f9f00000,0x00000000fb000000)
 ParOldGen       total 349696K, used 349694K [0x00000000e0000000, 0x00000000f5580000, 0x00000000f5580000)
  object space 349696K, 99% used [0x00000000e0000000,0x00000000f557f980,0x00000000f5580000)
 Metaspace       used 62660K, committed 63552K, reserved 1105920K
  class space    used 6148K, committed 6528K, reserved 1048576K
}
Event: 1387.329 GC heap before
{Heap before GC invocations=954 (full 854):
 PSYoungGen      total 75264K, used 55295K [0x00000000f5580000, 0x00000000fb480000, 0x0000000100000000)
  eden space 55296K, 99% used [0x00000000f5580000,0x00000000f8b7ff60,0x00000000f8b80000)
  from space 19968K, 0% used [0x00000000f8b80000,0x00000000f8b80000,0x00000000f9f00000)
  to   space 17408K, 0% used [0x00000000f9f00000,0x00000000f9f00000,0x00000000fb000000)
 ParOldGen       total 349696K, used 349694K [0x00000000e0000000, 0x00000000f5580000, 0x00000000f5580000)
  object space 349696K, 99% used [0x00000000e0000000,0x00000000f557f980,0x00000000f5580000)
 Metaspace       used 62660K, committed 63552K, reserved 1105920K
  class space    used 6148K, committed 6528K, reserved 1048576K
}
Event: 1388.705 GC heap after
{Heap after GC invocations=954 (full 854):
 PSYoungGen      total 72704K, used 55295K [0x00000000f5580000, 0x00000000fb480000, 0x0000000100000000)
  eden space 55296K, 99% used [0x00000000f5580000,0x00000000f8b7ff40,0x00000000f8b80000)
  from space 17408K, 0% used [0x00000000f9f00000,0x00000000f9f00000,0x00000000fb000000)
  to   space 19968K, 0% used [0x00000000f8b80000,0x00000000f8b80000,0x00000000f9f00000)
 ParOldGen       total 349696K, used 349694K [0x00000000e0000000, 0x00000000f5580000, 0x00000000f5580000)
  object space 349696K, 99% used [0x00000000e0000000,0x00000000f557f980,0x00000000f5580000)
 Metaspace       used 62660K, committed 63552K, reserved 1105920K
  class space    used 6148K, committed 6528K, reserved 1048576K
}
Event: 1388.705 GC heap before
{Heap before GC invocations=955 (full 855):
 PSYoungGen      total 72704K, used 55295K [0x00000000f5580000, 0x00000000fb480000, 0x0000000100000000)
  eden space 55296K, 99% used [0x00000000f5580000,0x00000000f8b7fff0,0x00000000f8b80000)
  from space 17408K, 0% used [0x00000000f9f00000,0x00000000f9f00000,0x00000000fb000000)
  to   space 19968K, 0% used [0x00000000f8b80000,0x00000000f8b80000,0x00000000f9f00000)
 ParOldGen       total 349696K, used 349694K [0x00000000e0000000, 0x00000000f5580000, 0x00000000f5580000)
  object space 349696K, 99% used [0x00000000e0000000,0x00000000f557f980,0x00000000f5580000)
 Metaspace       used 62660K, committed 63552K, reserved 1105920K
  class space    used 6148K, committed 6528K, reserved 1048576K
}
Event: 1390.106 GC heap after
{Heap after GC invocations=955 (full 855):
 PSYoungGen      total 75264K, used 55295K [0x00000000f5580000, 0x00000000fb480000, 0x0000000100000000)
  eden space 55296K, 99% used [0x00000000f5580000,0x00000000f8b7ffd0,0x00000000f8b80000)
  from space 19968K, 0% used [0x00000000f8b80000,0x00000000f8b80000,0x00000000f9f00000)
  to   space 17408K, 0% used [0x00000000f9f00000,0x00000000f9f00000,0x00000000fb000000)
 ParOldGen       total 349696K, used 349694K [0x00000000e0000000, 0x00000000f5580000, 0x00000000f5580000)
  object space 349696K, 99% used [0x00000000e0000000,0x00000000f557f980,0x00000000f5580000)
 Metaspace       used 62660K, committed 63552K, reserved 1105920K
  class space    used 6148K, committed 6528K, reserved 1048576K
}
Event: 1390.107 GC heap before
{Heap before GC invocations=956 (full 856):
 PSYoungGen      total 75264K, used 55295K [0x00000000f5580000, 0x00000000fb480000, 0x0000000100000000)
  eden space 55296K, 99% used [0x00000000f5580000,0x00000000f8b7ffe8,0x00000000f8b80000)
  from space 19968K, 0% used [0x00000000f8b80000,0x00000000f8b80000,0x00000000f9f00000)
  to   space 17408K, 0% used [0x00000000f9f00000,0x00000000f9f00000,0x00000000fb000000)
 ParOldGen       total 349696K, used 349694K [0x00000000e0000000, 0x00000000f5580000, 0x00000000f5580000)
  object space 349696K, 99% used [0x00000000e0000000,0x00000000f557f980,0x00000000f5580000)
 Metaspace       used 62660K, committed 63552K, reserved 1105920K
  class space    used 6148K, committed 6528K, reserved 1048576K
}
Event: 1391.497 GC heap after
{Heap after GC invocations=956 (full 856):
 PSYoungGen      total 72704K, used 55295K [0x00000000f5580000, 0x00000000fb480000, 0x0000000100000000)
  eden space 55296K, 99% used [0x00000000f5580000,0x00000000f8b7ffe8,0x00000000f8b80000)
  from space 17408K, 0% used [0x00000000f9f00000,0x00000000f9f00000,0x00000000fb000000)
  to   space 19968K, 0% used [0x00000000f8b80000,0x00000000f8b80000,0x00000000f9f00000)
 ParOldGen       total 349696K, used 349694K [0x00000000e0000000, 0x00000000f5580000, 0x00000000f5580000)
  object space 349696K, 99% used [0x00000000e0000000,0x00000000f557f980,0x00000000f5580000)
 Metaspace       used 62660K, committed 63552K, reserved 1105920K
  class space    used 6148K, committed 6528K, reserved 1048576K
}
Event: 1391.497 GC heap before
{Heap before GC invocations=957 (full 857):
 PSYoungGen      total 72704K, used 55296K [0x00000000f5580000, 0x00000000fb480000, 0x0000000100000000)
  eden space 55296K, 100% used [0x00000000f5580000,0x00000000f8b80000,0x00000000f8b80000)
  from space 17408K, 0% used [0x00000000f9f00000,0x00000000f9f00000,0x00000000fb000000)
  to   space 19968K, 0% used [0x00000000f8b80000,0x00000000f8b80000,0x00000000f9f00000)
 ParOldGen       total 349696K, used 349694K [0x00000000e0000000, 0x00000000f5580000, 0x00000000f5580000)
  object space 349696K, 99% used [0x00000000e0000000,0x00000000f557fb90,0x00000000f5580000)
 Metaspace       used 62660K, committed 63552K, reserved 1105920K
  class space    used 6148K, committed 6528K, reserved 1048576K
}
Event: 1392.884 GC heap after
{Heap after GC invocations=957 (full 857):
 PSYoungGen      total 75264K, used 55295K [0x00000000f5580000, 0x00000000fb480000, 0x0000000100000000)
  eden space 55296K, 99% used [0x00000000f5580000,0x00000000f8b7ff50,0x00000000f8b80000)
  from space 19968K, 0% used [0x00000000f8b80000,0x00000000f8b80000,0x00000000f9f00000)
  to   space 17408K, 0% used [0x00000000f9f00000,0x00000000f9f00000,0x00000000fb000000)
 ParOldGen       total 349696K, used 349694K [0x00000000e0000000, 0x00000000f5580000, 0x00000000f5580000)
  object space 349696K, 99% used [0x00000000e0000000,0x00000000f557fb90,0x00000000f5580000)
 Metaspace       used 62660K, committed 63552K, reserved 1105920K
  class space    used 6148K, committed 6528K, reserved 1048576K
}
Event: 1392.884 GC heap before
{Heap before GC invocations=958 (full 858):
 PSYoungGen      total 75264K, used 55295K [0x00000000f5580000, 0x00000000fb480000, 0x0000000100000000)
  eden space 55296K, 99% used [0x00000000f5580000,0x00000000f8b7ff50,0x00000000f8b80000)
  from space 19968K, 0% used [0x00000000f8b80000,0x00000000f8b80000,0x00000000f9f00000)
  to   space 17408K, 0% used [0x00000000f9f00000,0x00000000f9f00000,0x00000000fb000000)
 ParOldGen       total 349696K, used 349694K [0x00000000e0000000, 0x00000000f5580000, 0x00000000f5580000)
  object space 349696K, 99% used [0x00000000e0000000,0x00000000f557fb90,0x00000000f5580000)
 Metaspace       used 62660K, committed 63552K, reserved 1105920K
  class space    used 6148K, committed 6528K, reserved 1048576K
}
Event: 1394.299 GC heap after
{Heap after GC invocations=958 (full 858):
 PSYoungGen      total 72704K, used 55295K [0x00000000f5580000, 0x00000000fb480000, 0x0000000100000000)
  eden space 55296K, 99% used [0x00000000f5580000,0x00000000f8b7fe80,0x00000000f8b80000)
  from space 17408K, 0% used [0x00000000f9f00000,0x00000000f9f00000,0x00000000fb000000)
  to   space 19968K, 0% used [0x00000000f8b80000,0x00000000f8b80000,0x00000000f9f00000)
 ParOldGen       total 349696K, used 349694K [0x00000000e0000000, 0x00000000f5580000, 0x00000000f5580000)
  object space 349696K, 99% used [0x00000000e0000000,0x00000000f557fb80,0x00000000f5580000)
 Metaspace       used 62660K, committed 63552K, reserved 1105920K
  class space    used 6148K, committed 6528K, reserved 1048576K
}

